<?xml version="1.0" encoding="UTF-8"?>
<!-- Generated by org.testng.reporters.JUnitXMLReporter -->
<testsuite hostname="Balaji" ignored="0" name="OpenEMRFramework" tests="3" failures="0" timestamp="2022-08-04T11:38:40 IST" time="0.098" errors="0">
  <testcase name="validTest" time="0.008" classname="com.jpmg.test.Demo1"/>
  <testcase name="validTest" time="0.001" classname="com.jpmg.test.Demo1"/>
  <testcase name="validTest" time="0.001" classname="com.jpmg.test.Demo1"/>
</testsuite> <!-- OpenEMRFramework -->
