<?xml version="1.0" encoding="UTF-8"?>
<!-- Generated by org.testng.reporters.JUnitXMLReporter -->
<testsuite hostname="Balaji" ignored="0" name="Command line test" tests="7" failures="0" timestamp="2022-08-11T11:06:27 IST" time="150.071" errors="0">
  <testcase name="@BeforeMethod setup" time="3.474" classname="com.jpmg.base.AutomationWrapper">
    <failure type="org.openqa.selenium.WebDriverException" message="unknown error: cannot determine loading status
from disconnected: received Inspector.detached event
  (Session info: chrome=104.0.5112.81)
Build info: version: &amp;apos;4.1.0&amp;apos;, revision: &amp;apos;87802e897b&amp;apos;
System info: host: &amp;apos;BALAJI&amp;apos;, ip: &amp;apos;172.17.67.65&amp;apos;, os.name: &amp;apos;Windows 10&amp;apos;, os.arch: &amp;apos;amd64&amp;apos;, os.version: &amp;apos;10.0&amp;apos;, java.version: &amp;apos;1.8.0_202&amp;apos;
Driver info: org.openqa.selenium.chrome.ChromeDriver
Command: [4bd6be824153cc4f8673d4ed2da9703e, get {url=https://demo.openemr.io/b/openemr}]
Capabilities {acceptInsecureCerts: false, browserName: chrome, browserVersion: 104.0.5112.81, chrome: {chromedriverVersion: 103.0.5060.53 (a1711811edd7..., userDataDir: C:\Users\Balaji\AppData\Loc...}, goog:chromeOptions: {debuggerAddress: localhost:56458}, javascriptEnabled: true, networkConnectionEnabled: false, pageLoadStrategy: normal, platform: WINDOWS, platformName: WINDOWS, proxy: Proxy(), se:cdp: ws://localhost:56458/devtoo..., se:cdpVersion: 104.0.5112.81, setWindowRect: true, strictFileInteractability: false, timeouts: {implicit: 0, pageLoad: 300000, script: 30000}, unhandledPromptBehavior: dismiss and notify, webauthn:extension:credBlob: true, webauthn:extension:largeBlob: true, webauthn:virtualAuthenticators: true}
Session ID: 4bd6be824153cc4f8673d4ed2da9703e">
      <![CDATA[org.openqa.selenium.WebDriverException: unknown error: cannot determine loading status
from disconnected: received Inspector.detached event
  (Session info: chrome=104.0.5112.81)
Build info: version: '4.1.0', revision: '87802e897b'
System info: host: 'BALAJI', ip: '172.17.67.65', os.name: 'Windows 10', os.arch: 'amd64', os.version: '10.0', java.version: '1.8.0_202'
Driver info: org.openqa.selenium.chrome.ChromeDriver
Command: [4bd6be824153cc4f8673d4ed2da9703e, get {url=https://demo.openemr.io/b/openemr}]
Capabilities {acceptInsecureCerts: false, browserName: chrome, browserVersion: 104.0.5112.81, chrome: {chromedriverVersion: 103.0.5060.53 (a1711811edd7..., userDataDir: C:\Users\Balaji\AppData\Loc...}, goog:chromeOptions: {debuggerAddress: localhost:56458}, javascriptEnabled: true, networkConnectionEnabled: false, pageLoadStrategy: normal, platform: WINDOWS, platformName: WINDOWS, proxy: Proxy(), se:cdp: ws://localhost:56458/devtoo..., se:cdpVersion: 104.0.5112.81, setWindowRect: true, strictFileInteractability: false, timeouts: {implicit: 0, pageLoad: 300000, script: 30000}, unhandledPromptBehavior: dismiss and notify, webauthn:extension:credBlob: true, webauthn:extension:largeBlob: true, webauthn:virtualAuthenticators: true}
Session ID: 4bd6be824153cc4f8673d4ed2da9703e
at org.openqa.selenium.remote.codec.w3c.W3CHttpResponseCodec.createException(W3CHttpResponseCodec.java:200)
at org.openqa.selenium.remote.codec.w3c.W3CHttpResponseCodec.decode(W3CHttpResponseCodec.java:133)
at org.openqa.selenium.remote.codec.w3c.W3CHttpResponseCodec.decode(W3CHttpResponseCodec.java:53)
at org.openqa.selenium.remote.HttpCommandExecutor.execute(HttpCommandExecutor.java:184)
at org.openqa.selenium.remote.service.DriverCommandExecutor.invokeExecute(DriverCommandExecutor.java:164)
at org.openqa.selenium.remote.service.DriverCommandExecutor.execute(DriverCommandExecutor.java:139)
at org.openqa.selenium.remote.RemoteWebDriver.execute(RemoteWebDriver.java:559)
at org.openqa.selenium.remote.RemoteWebDriver.get(RemoteWebDriver.java:328)
at com.jpmg.base.AutomationWrapper.setup(AutomationWrapper.java:35)
at java.util.ArrayList.forEach(ArrayList.java:1257)
... Removed 45 stack frames]]>
    </failure>
  </testcase> <!-- @BeforeMethod setup -->
  <testcase name="@AfterMethod teardown" time="0.0" classname="com.jpmg.base.AutomationWrapper">
    <skipped/>
  </testcase> <!-- @AfterMethod teardown -->
  <testcase name="@BeforeMethod setup" time="0.0" classname="com.jpmg.base.AutomationWrapper">
    <skipped/>
  </testcase> <!-- @BeforeMethod setup -->
  <testcase name="@AfterMethod teardown" time="0.0" classname="com.jpmg.base.AutomationWrapper">
    <skipped/>
  </testcase> <!-- @AfterMethod teardown -->
  <testcase name="@BeforeMethod setup" time="0.0" classname="com.jpmg.base.AutomationWrapper">
    <skipped/>
  </testcase> <!-- @BeforeMethod setup -->
  <testcase name="@AfterMethod teardown" time="0.0" classname="com.jpmg.base.AutomationWrapper">
    <skipped/>
  </testcase> <!-- @AfterMethod teardown -->
  <testcase name="invalidCredentialTest" time="4.891" classname="com.jpmg.test.LoginTest"/>
  <testcase name="invalidCredentialTest" time="2.272" classname="com.jpmg.test.LoginTest"/>
  <testcase name="validCredentialTest" time="15.572" classname="com.jpmg.test.LoginTest"/>
  <testcase name="validCredentialTest" time="29.286" classname="com.jpmg.test.LoginTest"/>
  <testcase name="ackLicCertTest" time="0.0" classname="com.jpmg.test.LoginUserInterfaceTest">
    <skipped/>
  </testcase> <!-- ackLicCertTest -->
  <testcase name="applicationDescriptionTest" time="0.0" classname="com.jpmg.test.LoginUserInterfaceTest">
    <skipped/>
  </testcase> <!-- applicationDescriptionTest -->
  <testcase name="validateTitleTest" time="0.0" classname="com.jpmg.test.LoginUserInterfaceTest">
    <skipped/>
  </testcase> <!-- validateTitleTest -->
</testsuite> <!-- Command line test -->
