<?xml version="1.0" encoding="UTF-8"?>
<testng-results skipped="0" failed="0" ignored="0" total="3" passed="3">
  <reporter-output>
  </reporter-output>
  <suite name="Default Suite" duration-ms="98" started-at="2022-08-04T11:38:40 IST" finished-at="2022-08-04T11:38:40 IST">
    <groups>
    </groups>
    <test name="OpenEMRFramework" duration-ms="98" started-at="2022-08-04T11:38:40 IST" finished-at="2022-08-04T11:38:40 IST">
      <class name="com.jpmg.test.Demo1">
        <test-method status="PASS" signature="validTest(java.lang.String,java.lang.String)[pri:0, instance:com.jpmg.test.Demo1@4fe3c938]" name="validTest" duration-ms="8" started-at="2022-08-04T11:38:40 IST" data-provider="validData" finished-at="2022-08-04T11:38:40 IST">
          <params>
            <param index="0">
              <value>
                <![CDATA[John]]>
              </value>
            </param>
            <param index="1">
              <value>
                <![CDATA[John123]]>
              </value>
            </param>
          </params>
          <reporter-output>
          </reporter-output>
        </test-method> <!-- validTest -->
        <test-method status="PASS" signature="validTest(java.lang.String,java.lang.String)[pri:0, instance:com.jpmg.test.Demo1@4fe3c938]" name="validTest" duration-ms="1" started-at="2022-08-04T11:38:40 IST" data-provider="validData" finished-at="2022-08-04T11:38:40 IST">
          <params>
            <param index="0">
              <value>
                <![CDATA[peter]]>
              </value>
            </param>
            <param index="1">
              <value>
                <![CDATA[peter123]]>
              </value>
            </param>
          </params>
          <reporter-output>
          </reporter-output>
        </test-method> <!-- validTest -->
        <test-method status="PASS" signature="validTest(java.lang.String,java.lang.String)[pri:0, instance:com.jpmg.test.Demo1@4fe3c938]" name="validTest" duration-ms="1" started-at="2022-08-04T11:38:40 IST" data-provider="validData" finished-at="2022-08-04T11:38:40 IST">
          <params>
            <param index="0">
              <value>
                <![CDATA[mark]]>
              </value>
            </param>
            <param index="1">
              <value>
                <![CDATA[mark123]]>
              </value>
            </param>
          </params>
          <reporter-output>
          </reporter-output>
        </test-method> <!-- validTest -->
      </class> <!-- com.jpmg.test.Demo1 -->
    </test> <!-- OpenEMRFramework -->
  </suite> <!-- Default Suite -->
</testng-results>
